2021-08-29 16:15:35 [main] INFO  b.c.s.c.c.v1.SessaoControllerTest -
                Starting SessaoControllerTest using Java 14.0.2 on MacBook-Pro-de-Luancarlos.local with PID 25912 (started by luanrocha in /Users/luanrocha/Projetos/cooperativa)
2021-08-29 16:15:35 [main] DEBUG b.c.s.c.c.v1.SessaoControllerTest -
                Running with Spring Boot v2.5.4, Spring v5.3.9
2021-08-29 16:15:35 [main] INFO  b.c.s.c.c.v1.SessaoControllerTest -
                No active profile set, falling back to default profiles: default
2021-08-29 16:15:38 [main] INFO  b.c.s.c.c.v1.SessaoControllerTest -
                Started SessaoControllerTest in 8.953 seconds (JVM running for 11.447)
2021-08-29 16:15:38 [main] INFO  b.c.s.c.c.v1.SessaoController -
                Abrindo a sessão: SessaoRequestDTO(idPauta=1, dataFechamento=2021-08-29T17:15:38.619556)
2021-08-29 16:15:38 [main] ERROR b.c.s.c.e.ApplicationExceptionHandle -
                null
2021-08-29 16:15:39 [main] INFO  b.c.s.c.c.v1.SessaoController -
                Buscando uma sessão por id: 1
2021-08-29 16:15:39 [main] INFO  b.c.s.c.c.v1.SessaoController -
                Abrindo a sessão: SessaoRequestDTO(idPauta=1, dataFechamento=2021-08-29T17:15:39.082383)
2021-08-29 16:15:39 [main] ERROR b.c.s.c.e.ApplicationExceptionHandle -
                null
2021-08-29 16:15:39 [main] INFO  b.c.s.c.c.v1.SessaoController -
                Abrindo a sessão: SessaoRequestDTO(idPauta=1, dataFechamento=2021-08-29T17:15:39.100479)
2021-08-29 16:15:39 [main] INFO  b.c.s.c.c.v1.SessaoController -
                Buscando uma sessão por id: 1
2021-08-29 16:15:39 [main] ERROR b.c.s.c.e.ApplicationExceptionHandle -
                null
2021-08-29 16:15:39 [main] INFO  b.c.s.c.c.v1.PautaControllerTest -
                Starting PautaControllerTest using Java 14.0.2 on MacBook-Pro-de-Luancarlos.local with PID 25912 (started by luanrocha in /Users/luanrocha/Projetos/cooperativa)
2021-08-29 16:15:39 [main] DEBUG b.c.s.c.c.v1.PautaControllerTest -
                Running with Spring Boot v2.5.4, Spring v5.3.9
2021-08-29 16:15:39 [main] INFO  b.c.s.c.c.v1.PautaControllerTest -
                No active profile set, falling back to default profiles: default
2021-08-29 16:15:39 [main] INFO  b.c.s.c.c.v1.PautaControllerTest -
                Started PautaControllerTest in 0.817 seconds (JVM running for 12.851)
2021-08-29 16:15:39 [main] INFO  b.c.s.c.c.v1.PautaController -
                Buscando resultado da pauta: 1
2021-08-29 16:15:40 [main] INFO  b.c.s.c.c.v1.PautaController -
                Criação da pauta: PautaRequestDTO(descricao=Pauta teste)
2021-08-29 16:15:40 [main] INFO  b.c.s.c.c.v1.PautaController -
                Buscando pauta com id da sessaão: 1
2021-08-29 16:15:40 [main] INFO  b.c.s.c.c.v1.PautaController -
                Buscando pauta com id: 1
2021-08-29 16:15:45 [main] INFO  b.c.s.c.c.v1.VotoControllerTest -
                Starting VotoControllerTest using Java 14.0.2 on MacBook-Pro-de-Luancarlos.local with PID 25912 (started by luanrocha in /Users/luanrocha/Projetos/cooperativa)
2021-08-29 16:15:45 [main] DEBUG b.c.s.c.c.v1.VotoControllerTest -
                Running with Spring Boot v2.5.4, Spring v5.3.9
2021-08-29 16:15:45 [main] INFO  b.c.s.c.c.v1.VotoControllerTest -
                No active profile set, falling back to default profiles: default
2021-08-29 16:15:46 [main] INFO  b.c.s.c.c.v1.VotoControllerTest -
                Started VotoControllerTest in 6.737 seconds (JVM running for 19.716)
2021-08-29 16:15:46 [main] INFO  b.c.s.c.controller.v1.VotoController -
                Adicinando um voto: VotoRequestDTO(idSessao=1, cpf=565.021.290-21, voto=Sim)
2021-08-29 16:17:30 [main] INFO  b.c.s.c.c.v1.SessaoControllerTest -
                Starting SessaoControllerTest using Java 14.0.2 on MacBook-Pro-de-Luancarlos.local with PID 26062 (started by luanrocha in /Users/luanrocha/Projetos/cooperativa)
2021-08-29 16:17:30 [main] DEBUG b.c.s.c.c.v1.SessaoControllerTest -
                Running with Spring Boot v2.5.4, Spring v5.3.9
2021-08-29 16:17:30 [main] INFO  b.c.s.c.c.v1.SessaoControllerTest -
                No active profile set, falling back to default profiles: default
2021-08-29 16:17:33 [main] INFO  b.c.s.c.c.v1.SessaoControllerTest -
                Started SessaoControllerTest in 9.086 seconds (JVM running for 11.194)
2021-08-29 16:17:34 [main] INFO  b.c.s.c.c.v1.SessaoController -
                Abrindo a sessão: SessaoRequestDTO(idPauta=1, dataFechamento=2021-08-29T17:17:33.734029)
2021-08-29 16:17:34 [main] ERROR b.c.s.c.e.ApplicationExceptionHandle -
                null
2021-08-29 16:17:34 [main] INFO  b.c.s.c.c.v1.SessaoController -
                Buscando uma sessão por id: 1
2021-08-29 16:17:34 [main] INFO  b.c.s.c.c.v1.SessaoController -
                Abrindo a sessão: SessaoRequestDTO(idPauta=1, dataFechamento=2021-08-29T17:17:34.191983)
2021-08-29 16:17:34 [main] ERROR b.c.s.c.e.ApplicationExceptionHandle -
                null
2021-08-29 16:17:34 [main] INFO  b.c.s.c.c.v1.SessaoController -
                Abrindo a sessão: SessaoRequestDTO(idPauta=1, dataFechamento=2021-08-29T17:17:34.213598)
2021-08-29 16:17:34 [main] INFO  b.c.s.c.c.v1.SessaoController -
                Buscando uma sessão por id: 1
2021-08-29 16:17:34 [main] ERROR b.c.s.c.e.ApplicationExceptionHandle -
                null
2021-08-29 16:17:34 [main] INFO  b.c.s.c.c.v1.PautaControllerTest -
                Starting PautaControllerTest using Java 14.0.2 on MacBook-Pro-de-Luancarlos.local with PID 26062 (started by luanrocha in /Users/luanrocha/Projetos/cooperativa)
2021-08-29 16:17:34 [main] DEBUG b.c.s.c.c.v1.PautaControllerTest -
                Running with Spring Boot v2.5.4, Spring v5.3.9
2021-08-29 16:17:34 [main] INFO  b.c.s.c.c.v1.PautaControllerTest -
                No active profile set, falling back to default profiles: default
2021-08-29 16:17:35 [main] INFO  b.c.s.c.c.v1.PautaControllerTest -
                Started PautaControllerTest in 0.895 seconds (JVM running for 12.674)
2021-08-29 16:17:35 [main] INFO  b.c.s.c.c.v1.PautaController -
                Buscando resultado da pauta: 1
2021-08-29 16:17:35 [main] INFO  b.c.s.c.c.v1.PautaController -
                Criação da pauta: PautaRequestDTO(descricao=Pauta teste)
2021-08-29 16:17:35 [main] INFO  b.c.s.c.c.v1.PautaController -
                Buscando pauta com id da sessaão: 1
2021-08-29 16:17:35 [main] INFO  b.c.s.c.c.v1.PautaController -
                Buscando pauta com id: 1
2021-08-29 16:17:40 [main] INFO  b.c.s.c.c.v1.VotoControllerTest -
                Starting VotoControllerTest using Java 14.0.2 on MacBook-Pro-de-Luancarlos.local with PID 26062 (started by luanrocha in /Users/luanrocha/Projetos/cooperativa)
2021-08-29 16:17:40 [main] DEBUG b.c.s.c.c.v1.VotoControllerTest -
                Running with Spring Boot v2.5.4, Spring v5.3.9
2021-08-29 16:17:40 [main] INFO  b.c.s.c.c.v1.VotoControllerTest -
                No active profile set, falling back to default profiles: default
2021-08-29 16:17:41 [main] INFO  b.c.s.c.c.v1.VotoControllerTest -
                Started VotoControllerTest in 5.731 seconds (JVM running for 18.573)
2021-08-29 16:17:41 [main] INFO  b.c.s.c.controller.v1.VotoController -
                Adicinando um voto: VotoRequestDTO(idSessao=1, cpf=565.021.290-21, voto=Sim)
2021-08-29 16:18:03 [main] INFO  b.c.s.c.c.v1.SessaoControllerTest -
                Starting SessaoControllerTest using Java 14.0.2 on MacBook-Pro-de-Luancarlos.local with PID 26195 (started by luanrocha in /Users/luanrocha/Projetos/cooperativa)
2021-08-29 16:18:03 [main] DEBUG b.c.s.c.c.v1.SessaoControllerTest -
                Running with Spring Boot v2.5.4, Spring v5.3.9
2021-08-29 16:18:03 [main] INFO  b.c.s.c.c.v1.SessaoControllerTest -
                No active profile set, falling back to default profiles: default
2021-08-29 16:18:08 [main] INFO  b.c.s.c.c.v1.SessaoControllerTest -
                Started SessaoControllerTest in 11.813 seconds (JVM running for 14.528)
2021-08-29 16:18:09 [main] INFO  b.c.s.c.c.v1.SessaoController -
                Abrindo a sessão: SessaoRequestDTO(idPauta=1, dataFechamento=2021-08-29T17:18:08.835700)
2021-08-29 16:18:09 [main] ERROR b.c.s.c.e.ApplicationExceptionHandle -
                null
2021-08-29 16:18:09 [main] INFO  b.c.s.c.c.v1.SessaoController -
                Buscando uma sessão por id: 1
2021-08-29 16:18:09 [main] INFO  b.c.s.c.c.v1.SessaoController -
                Abrindo a sessão: SessaoRequestDTO(idPauta=1, dataFechamento=2021-08-29T17:18:09.326124)
2021-08-29 16:18:09 [main] ERROR b.c.s.c.e.ApplicationExceptionHandle -
                null
2021-08-29 16:18:09 [main] INFO  b.c.s.c.c.v1.SessaoController -
                Abrindo a sessão: SessaoRequestDTO(idPauta=1, dataFechamento=2021-08-29T17:18:09.353935)
2021-08-29 16:18:09 [main] INFO  b.c.s.c.c.v1.SessaoController -
                Buscando uma sessão por id: 1
2021-08-29 16:18:09 [main] ERROR b.c.s.c.e.ApplicationExceptionHandle -
                null
2021-08-29 16:18:14 [main] INFO  b.c.s.c.c.v1.PautaControllerTest -
                Starting PautaControllerTest using Java 14.0.2 on MacBook-Pro-de-Luancarlos.local with PID 26195 (started by luanrocha in /Users/luanrocha/Projetos/cooperativa)
2021-08-29 16:18:14 [main] DEBUG b.c.s.c.c.v1.PautaControllerTest -
                Running with Spring Boot v2.5.4, Spring v5.3.9
2021-08-29 16:18:14 [main] INFO  b.c.s.c.c.v1.PautaControllerTest -
                No active profile set, falling back to default profiles: default
2021-08-29 16:18:15 [main] INFO  b.c.s.c.c.v1.PautaControllerTest -
                Started PautaControllerTest in 5.896 seconds (JVM running for 21.046)
2021-08-29 16:18:15 [main] INFO  b.c.s.c.c.v1.PautaController -
                Buscando resultado da pauta: 1
2021-08-29 16:18:15 [main] INFO  b.c.s.c.c.v1.PautaController -
                Criação da pauta: PautaRequestDTO(descricao=Pauta teste)
2021-08-29 16:18:15 [main] INFO  b.c.s.c.c.v1.PautaController -
                Buscando pauta com id da sessaão: 1
2021-08-29 16:18:15 [main] INFO  b.c.s.c.c.v1.PautaController -
                Buscando pauta com id: 1
2021-08-29 16:18:15 [main] INFO  b.c.s.c.c.v1.VotoControllerTest -
                Starting VotoControllerTest using Java 14.0.2 on MacBook-Pro-de-Luancarlos.local with PID 26195 (started by luanrocha in /Users/luanrocha/Projetos/cooperativa)
2021-08-29 16:18:15 [main] DEBUG b.c.s.c.c.v1.VotoControllerTest -
                Running with Spring Boot v2.5.4, Spring v5.3.9
2021-08-29 16:18:15 [main] INFO  b.c.s.c.c.v1.VotoControllerTest -
                No active profile set, falling back to default profiles: default
2021-08-29 16:18:16 [main] INFO  b.c.s.c.c.v1.VotoControllerTest -
                Started VotoControllerTest in 0.817 seconds (JVM running for 22.01)
2021-08-29 16:18:16 [main] INFO  b.c.s.c.controller.v1.VotoController -
                Adicinando um voto: VotoRequestDTO(idSessao=1, cpf=565.021.290-21, voto=Sim)
